# JRE version: Java(TM) SE Runtime Environment (18.0.2.1+1) (build 18.0.2.1+1-1)
# Java VM: Java HotSpot(TM) 64-Bit Server VM (18.0.2.1+1-1, mixed mode, sharing, tiered, compressed oops, compressed class ptrs, g1 gc, windows-amd64)
GC Precious Log:
 CardTable entry size: 512
 Card Set container configuration: InlinePtr #cards 5 size 8 Array Of Cards #cards 12 size 40 Howl #buckets 4 coarsen threshold 1843 Howl Bitmap #cards 512 size 80 coarsen threshold 460 Card regions per heap region 1 cards per card region 2048
 CPUs: 4 total, 4 available
 Memory: 3849M
 Large Page Support: Disabled
 NUMA Support: Disabled
 Compressed Oops: Enabled (32-bit)
 Heap Region Size: 1M
 Heap Min Capacity: 8M
 Heap Initial Capacity: 62M
 Heap Max Capacity: 964M
 Pre-touch: Disabled
 Parallel Workers: 4
 Concurrent Workers: 1
 Concurrent Refinement Workers: 4
 Periodic GC: Disabled
Heap:
 garbage-first heap   total 63488K, used 42038K [0x00000000c3c00000, 0x0000000100000000)
  region size 1024K, 9 young (9216K), 1 survivors (1024K)
 Metaspace       used 72532K, committed 73152K, reserved 1114112K
  class space    used 9294K, committed 9600K, reserved 1048576K
GC Heap History (20 events):
Event: 31.715 GC heap before
{Heap before GC invocations=14 (full 0):
 garbage-first heap   total 58368K, used 45385K [0x00000000c3c00000, 0x0000000100000000)
  region size 1024K, 22 young (22528K), 2 survivors (2048K)
 Metaspace       used 52915K, committed 53376K, reserved 1114112K
  class space    used 6971K, committed 7168K, reserved 1048576K
}
Event: 31.721 GC heap after
{Heap after GC invocations=15 (full 0):
 garbage-first heap   total 58368K, used 25820K [0x00000000c3c00000, 0x0000000100000000)
  region size 1024K, 3 young (3072K), 3 survivors (3072K)
 Metaspace       used 52915K, committed 53376K, reserved 1114112K
  class space    used 6971K, committed 7168K, reserved 1048576K
}
Event: 36.039 GC heap before
{Heap before GC invocations=15 (full 0):
 garbage-first heap   total 58368K, used 45276K [0x00000000c3c00000, 0x0000000100000000)
  region size 1024K, 22 young (22528K), 3 survivors (3072K)
 Metaspace       used 55729K, committed 56192K, reserved 1114112K
  class space    used 7347K, committed 7552K, reserved 1048576K
}
Event: 36.049 GC heap after
{Heap after GC invocations=16 (full 0):
 garbage-first heap   total 58368K, used 27456K [0x00000000c3c00000, 0x0000000100000000)
  region size 1024K, 3 young (3072K), 3 survivors (3072K)
 Metaspace       used 55729K, committed 56192K, reserved 1114112K
  class space    used 7347K, committed 7552K, reserved 1048576K
}
Event: 38.140 GC heap before
{Heap before GC invocations=16 (full 0):
 garbage-first heap   total 58368K, used 45888K [0x00000000c3c00000, 0x0000000100000000)
  region size 1024K, 21 young (21504K), 3 survivors (3072K)
 Metaspace       used 58972K, committed 59456K, reserved 1114112K
  class space    used 7755K, committed 8000K, reserved 1048576K
}
Event: 38.176 GC heap after
{Heap after GC invocations=17 (full 0):
 garbage-first heap   total 58368K, used 28763K [0x00000000c3c00000, 0x0000000100000000)
  region size 1024K, 3 young (3072K), 3 survivors (3072K)
 Metaspace       used 58972K, committed 59456K, reserved 1114112K
  class space    used 7755K, committed 8000K, reserved 1048576K
}
Event: 40.291 GC heap before
{Heap before GC invocations=17 (full 0):
 garbage-first heap   total 58368K, used 40027K [0x00000000c3c00000, 0x0000000100000000)
  region size 1024K, 15 young (15360K), 3 survivors (3072K)
 Metaspace       used 59709K, committed 60160K, reserved 1114112K
  class space    used 7869K, committed 8064K, reserved 1048576K
}
Event: 40.312 GC heap after
{Heap after GC invocations=18 (full 0):
 garbage-first heap   total 58368K, used 29922K [0x00000000c3c00000, 0x0000000100000000)
  region size 1024K, 3 young (3072K), 3 survivors (3072K)
 Metaspace       used 59709K, committed 60160K, reserved 1114112K
  class space    used 7869K, committed 8064K, reserved 1048576K
}
Event: 43.281 GC heap before
{Heap before GC invocations=19 (full 0):
 garbage-first heap   total 58368K, used 46306K [0x00000000c3c00000, 0x0000000100000000)
  region size 1024K, 19 young (19456K), 3 survivors (3072K)
 Metaspace       used 60970K, committed 61440K, reserved 1114112K
  class space    used 8086K, committed 8320K, reserved 1048576K
}
Event: 43.290 GC heap after
{Heap after GC invocations=20 (full 0):
 garbage-first heap   total 58368K, used 31165K [0x00000000c3c00000, 0x0000000100000000)
  region size 1024K, 3 young (3072K), 3 survivors (3072K)
 Metaspace       used 60970K, committed 61440K, reserved 1114112K
  class space    used 8086K, committed 8320K, reserved 1048576K
}
Event: 44.356 GC heap before
{Heap before GC invocations=20 (full 0):
 garbage-first heap   total 58368K, used 46525K [0x00000000c3c00000, 0x0000000100000000)
  region size 1024K, 18 young (18432K), 3 survivors (3072K)
 Metaspace       used 62247K, committed 62720K, reserved 1114112K
  class space    used 8266K, committed 8512K, reserved 1048576K
}
Event: 44.377 GC heap after
{Heap after GC invocations=21 (full 0):
 garbage-first heap   total 58368K, used 32993K [0x00000000c3c00000, 0x0000000100000000)
  region size 1024K, 3 young (3072K), 3 survivors (3072K)
 Metaspace       used 62247K, committed 62720K, reserved 1114112K
  class space    used 8266K, committed 8512K, reserved 1048576K
}
Event: 47.229 GC heap before
{Heap before GC invocations=22 (full 0):
 garbage-first heap   total 60416K, used 45281K [0x00000000c3c00000, 0x0000000100000000)
  region size 1024K, 16 young (16384K), 3 survivors (3072K)
 Metaspace       used 65810K, committed 66368K, reserved 1114112K
  class space    used 8675K, committed 8960K, reserved 1048576K
}
Event: 47.242 GC heap after
{Heap after GC invocations=23 (full 0):
 garbage-first heap   total 60416K, used 34361K [0x00000000c3c00000, 0x0000000100000000)
  region size 1024K, 2 young (2048K), 2 survivors (2048K)
 Metaspace       used 65810K, committed 66368K, reserved 1114112K
  class space    used 8675K, committed 8960K, reserved 1048576K
}
Event: 49.055 GC heap before
{Heap before GC invocations=23 (full 0):
 garbage-first heap   total 60416K, used 47673K [0x00000000c3c00000, 0x0000000100000000)
  region size 1024K, 16 young (16384K), 2 survivors (2048K)
 Metaspace       used 69630K, committed 70208K, reserved 1114112K
  class space    used 8929K, committed 9216K, reserved 1048576K
}
Event: 49.062 GC heap after
{Heap after GC invocations=24 (full 0):
 garbage-first heap   total 60416K, used 35066K [0x00000000c3c00000, 0x0000000100000000)
  region size 1024K, 1 young (1024K), 1 survivors (1024K)
 Metaspace       used 69630K, committed 70208K, reserved 1114112K
  class space    used 8929K, committed 9216K, reserved 1048576K
}
Event: 97.682 GC heap before
{Heap before GC invocations=25 (full 0):
 garbage-first heap   total 63488K, used 48378K [0x00000000c3c00000, 0x0000000100000000)
  region size 1024K, 14 young (14336K), 1 survivors (1024K)
 Metaspace       used 71778K, committed 72320K, reserved 1114112K
  class space    used 9217K, committed 9472K, reserved 1048576K
}
Event: 97.802 GC heap after
{Heap after GC invocations=26 (full 0):
 garbage-first heap   total 63488K, used 35433K [0x00000000c3c00000, 0x0000000100000000)
  region size 1024K, 2 young (2048K), 2 survivors (2048K)
 Metaspace       used 71778K, committed 72320K, reserved 1114112K
  class space    used 9217K, committed 9472K, reserved 1048576K
}
Event: 104.493 GC heap before
{Heap before GC invocations=26 (full 0):
 garbage-first heap   total 63488K, used 36457K [0x00000000c3c00000, 0x0000000100000000)
  region size 1024K, 3 young (3072K), 2 survivors (2048K)
 Metaspace       used 71839K, committed 72384K, reserved 1114112K
  class space    used 9217K, committed 9472K, reserved 1048576K
}
Event: 104.576 GC heap after
{Heap after GC invocations=27 (full 0):
 garbage-first heap   total 63488K, used 34870K [0x00000000c3c00000, 0x0000000100000000)
  region size 1024K, 1 young (1024K), 1 survivors (1024K)
 Metaspace       used 71839K, committed 72384K, reserved 1114112K
  class space    used 9217K, committed 9472K, reserved 1048576K
}

